<?xml version="1.0" encoding="UTF-8"?>
<testng-results ignored="0" total="4" passed="4" failed="0" skipped="0">
  <reporter-output>
  </reporter-output>
  <suite started-at="2024-11-05T18:34:58 IST" name="Default suite" finished-at="2024-11-05T18:36:46 IST" duration-ms="108699">
    <groups>
      <group name="Regression Test">
        <method signature="CreteOrgTestPOMusingTestNGimple.CreateORGwithPHoneNUm()[pri:0, instance:All12TCusingTestNGIMplementation.CreteOrgTestPOMusingTestNGimple@710c2b53]" name="CreateORGwithPHoneNUm" class="All12TCusingTestNGIMplementation.CreteOrgTestPOMusingTestNGimple"/>
        <method signature="CreteOrgTestPOMusingTestNGimple.CreateOrganizationwithIndustryTestpom()[pri:0, instance:All12TCusingTestNGIMplementation.CreteOrgTestPOMusingTestNGimple@710c2b53]" name="CreateOrganizationwithIndustryTestpom" class="All12TCusingTestNGIMplementation.CreteOrgTestPOMusingTestNGimple"/>
        <method signature="CreteOrgTestPOMusingTestNGimple.DeleteOrganizationTestPom()[pri:0, instance:All12TCusingTestNGIMplementation.CreteOrgTestPOMusingTestNGimple@710c2b53]" name="DeleteOrganizationTestPom" class="All12TCusingTestNGIMplementation.CreteOrgTestPOMusingTestNGimple"/>
      </group> <!-- Regression Test -->
      <group name="Smoke Test">
        <method signature="CreteOrgTestPOMusingTestNGimple.CreateOrg()[pri:0, instance:All12TCusingTestNGIMplementation.CreteOrgTestPOMusingTestNGimple@710c2b53]" name="CreateOrg" class="All12TCusingTestNGIMplementation.CreteOrgTestPOMusingTestNGimple"/>
      </group> <!-- Smoke Test -->
    </groups>
    <test started-at="2024-11-05T18:34:58 IST" name="Default test" finished-at="2024-11-05T18:36:46 IST" duration-ms="108699">
      <class name="All12TCusingTestNGIMplementation.CreteOrgTestPOMusingTestNGimple">
        <test-method is-config="true" signature="BeforeSuite()[pri:0, instance:All12TCusingTestNGIMplementation.CreteOrgTestPOMusingTestNGimple@710c2b53]" started-at="2024-11-05T18:34:57 IST" name="BeforeSuite" finished-at="2024-11-05T18:34:58 IST" duration-ms="1049" status="PASS">
          <reporter-output>
          </reporter-output>
        </test-method> <!-- BeforeSuite -->
        <test-method is-config="true" signature="BeforeClass(java.lang.String)[pri:0, instance:All12TCusingTestNGIMplementation.CreteOrgTestPOMusingTestNGimple@710c2b53]" started-at="2024-11-05T18:34:58 IST" name="BeforeClass" finished-at="2024-11-05T18:35:00 IST" duration-ms="2579" status="PASS">
          <params>
            <param index="0">
              <value>
                <![CDATA[edge]]>
              </value>
            </param>
          </params>
          <reporter-output>
          </reporter-output>
        </test-method> <!-- BeforeClass -->
        <test-method is-config="true" signature="executeBefore()[pri:0, instance:All12TCusingTestNGIMplementation.CreteOrgTestPOMusingTestNGimple@710c2b53]" started-at="2024-11-05T18:35:00 IST" name="executeBefore" finished-at="2024-11-05T18:35:13 IST" duration-ms="12467" status="PASS">
          <reporter-output>
          </reporter-output>
        </test-method> <!-- executeBefore -->
        <test-method signature="CreateORGwithPHoneNUm()[pri:0, instance:All12TCusingTestNGIMplementation.CreteOrgTestPOMusingTestNGimple@710c2b53]" started-at="2024-11-05T18:35:13 IST" name="CreateORGwithPHoneNUm" finished-at="2024-11-05T18:35:22 IST" duration-ms="9536" status="PASS">
          <reporter-output>
          </reporter-output>
        </test-method> <!-- CreateORGwithPHoneNUm -->
        <test-method is-config="true" signature="executeAfter()[pri:0, instance:All12TCusingTestNGIMplementation.CreteOrgTestPOMusingTestNGimple@710c2b53]" started-at="2024-11-05T18:35:22 IST" name="executeAfter" finished-at="2024-11-05T18:35:32 IST" duration-ms="9607" status="PASS">
          <reporter-output>
          </reporter-output>
        </test-method> <!-- executeAfter -->
        <test-method is-config="true" signature="executeBefore()[pri:0, instance:All12TCusingTestNGIMplementation.CreteOrgTestPOMusingTestNGimple@710c2b53]" started-at="2024-11-05T18:35:32 IST" name="executeBefore" finished-at="2024-11-05T18:35:34 IST" duration-ms="2440" status="PASS">
          <reporter-output>
          </reporter-output>
        </test-method> <!-- executeBefore -->
        <test-method signature="CreateOrg()[pri:0, instance:All12TCusingTestNGIMplementation.CreteOrgTestPOMusingTestNGimple@710c2b53]" started-at="2024-11-05T18:35:34 IST" name="CreateOrg" finished-at="2024-11-05T18:35:53 IST" duration-ms="18703" status="PASS">
          <reporter-output>
          </reporter-output>
        </test-method> <!-- CreateOrg -->
        <test-method is-config="true" signature="executeAfter()[pri:0, instance:All12TCusingTestNGIMplementation.CreteOrgTestPOMusingTestNGimple@710c2b53]" started-at="2024-11-05T18:35:53 IST" name="executeAfter" finished-at="2024-11-05T18:35:59 IST" duration-ms="6355" status="PASS">
          <reporter-output>
          </reporter-output>
        </test-method> <!-- executeAfter -->
        <test-method is-config="true" signature="executeBefore()[pri:0, instance:All12TCusingTestNGIMplementation.CreteOrgTestPOMusingTestNGimple@710c2b53]" started-at="2024-11-05T18:35:59 IST" name="executeBefore" finished-at="2024-11-05T18:36:03 IST" duration-ms="3398" status="PASS">
          <reporter-output>
          </reporter-output>
        </test-method> <!-- executeBefore -->
        <test-method signature="CreateOrganizationwithIndustryTestpom()[pri:0, instance:All12TCusingTestNGIMplementation.CreteOrgTestPOMusingTestNGimple@710c2b53]" started-at="2024-11-05T18:36:03 IST" name="CreateOrganizationwithIndustryTestpom" finished-at="2024-11-05T18:36:15 IST" duration-ms="12047" status="PASS">
          <reporter-output>
          </reporter-output>
        </test-method> <!-- CreateOrganizationwithIndustryTestpom -->
        <test-method is-config="true" signature="executeAfter()[pri:0, instance:All12TCusingTestNGIMplementation.CreteOrgTestPOMusingTestNGimple@710c2b53]" started-at="2024-11-05T18:36:15 IST" name="executeAfter" finished-at="2024-11-05T18:36:21 IST" duration-ms="6174" status="PASS">
          <reporter-output>
          </reporter-output>
        </test-method> <!-- executeAfter -->
        <test-method is-config="true" signature="executeBefore()[pri:0, instance:All12TCusingTestNGIMplementation.CreteOrgTestPOMusingTestNGimple@710c2b53]" started-at="2024-11-05T18:36:21 IST" name="executeBefore" finished-at="2024-11-05T18:36:23 IST" duration-ms="2072" status="PASS">
          <reporter-output>
          </reporter-output>
        </test-method> <!-- executeBefore -->
        <test-method signature="DeleteOrganizationTestPom()[pri:0, instance:All12TCusingTestNGIMplementation.CreteOrgTestPOMusingTestNGimple@710c2b53]" started-at="2024-11-05T18:36:23 IST" name="DeleteOrganizationTestPom" finished-at="2024-11-05T18:36:38 IST" duration-ms="14627" status="PASS">
          <reporter-output>
          </reporter-output>
        </test-method> <!-- DeleteOrganizationTestPom -->
        <test-method is-config="true" signature="executeAfter()[pri:0, instance:All12TCusingTestNGIMplementation.CreteOrgTestPOMusingTestNGimple@710c2b53]" started-at="2024-11-05T18:36:38 IST" name="executeAfter" finished-at="2024-11-05T18:36:46 IST" duration-ms="7985" status="PASS">
          <reporter-output>
          </reporter-output>
        </test-method> <!-- executeAfter -->
        <test-method is-config="true" signature="Afterclass()[pri:0, instance:All12TCusingTestNGIMplementation.CreteOrgTestPOMusingTestNGimple@710c2b53]" started-at="2024-11-05T18:36:46 IST" name="Afterclass" finished-at="2024-11-05T18:36:46 IST" duration-ms="629" status="PASS">
          <reporter-output>
          </reporter-output>
        </test-method> <!-- Afterclass -->
        <test-method is-config="true" signature="AfterSuite()[pri:0, instance:All12TCusingTestNGIMplementation.CreteOrgTestPOMusingTestNGimple@710c2b53]" started-at="2024-11-05T18:36:47 IST" name="AfterSuite" finished-at="2024-11-05T18:36:47 IST" duration-ms="1" status="PASS">
          <reporter-output>
          </reporter-output>
        </test-method> <!-- AfterSuite -->
      </class> <!-- All12TCusingTestNGIMplementation.CreteOrgTestPOMusingTestNGimple -->
    </test> <!-- Default test -->
  </suite> <!-- Default suite -->
</testng-results>
